<?xml version="1.0" encoding="UTF-8"?>
<!-- Generated by org.testng.reporters.JUnitReportReporter -->
<testsuite skipped="0" hostname="CC4024" name="proyectouno.AppiumTest" tests="2" failures="0" timestamp="2020-01-16T15:28:10 CET" time="0.002" errors="0">
  <testcase name="IOSApp" time="0.001" classname="proyectouno.AppiumTest"/>
  <testcase name="NativeAppAndroid" time="0.001" classname="proyectouno.AppiumTest"/>
</testsuite> <!-- proyectouno.AppiumTest -->
