<?xml version="1.0" encoding="UTF-8"?>
<!-- Generated by org.testng.reporters.JUnitReportReporter -->
<testsuite skipped="0" hostname="CC4024" name="proyectouno.RESTAPITest" tests="2" failures="0" timestamp="2020-01-16T15:28:10 CET" time="0.003" errors="0">
  <testcase name="postJira" time="0.001" classname="proyectouno.RESTAPITest"/>
  <testcase name="deleteTwitter" time="0.002" classname="proyectouno.RESTAPITest"/>
</testsuite> <!-- proyectouno.RESTAPITest -->
