<?xml version="1.0" encoding="UTF-8"?>
<!-- Generated by org.testng.reporters.JUnitReportReporter -->
<testsuite skipped="0" hostname="CC4024" name="proyectouno.SeleniumTest" tests="2" failures="0" timestamp="2020-01-16T15:29:52 CET" time="0.007" errors="0">
  <testcase name="BrowserAUtomation" time="0.006" classname="proyectouno.SeleniumTest"/>
  <system-out/>
  <testcase name="elementsUi" time="0.001" classname="proyectouno.SeleniumTest"/>
  <system-out/>
</testsuite> <!-- proyectouno.SeleniumTest -->
