<?xml version="1.0" encoding="UTF-8"?>
<!-- Generated by org.testng.reporters.JUnitReportReporter -->
<testsuite skipped="0" hostname="CC4024" name="proyectouno.RESTAPITest" tests="2" failures="0" timestamp="2020-01-16T15:29:52 CET" time="0.000" errors="0">
  <testcase name="deleteTwitter" time="0.000" classname="proyectouno.RESTAPITest"/>
  <system-out/>
  <testcase name="postJira" time="0.000" classname="proyectouno.RESTAPITest"/>
  <system-out/>
</testsuite> <!-- proyectouno.RESTAPITest -->
