<?xml version="1.0" encoding="UTF-8"?>
<!-- Generated by org.testng.reporters.JUnitReportReporter -->
<testsuite skipped="0" hostname="CC4024" name="proyectouno.AppiumTest" tests="2" failures="0" timestamp="2020-01-16T15:29:52 CET" time="0.001" errors="0">
  <testcase name="NativeAppAndroid" time="0.000" classname="proyectouno.AppiumTest"/>
  <system-out/>
  <testcase name="IOSApp" time="0.001" classname="proyectouno.AppiumTest"/>
  <system-out/>
</testsuite> <!-- proyectouno.AppiumTest -->
